<?xml version="1.0" encoding="UTF-8"?>
<!-- Generated by org.testng.reporters.JUnitReportReporter -->
<testsuite hostname="DESKTOP-S0F2R20" failures="0" tests="1" name="mypack.sample" time="0.020" errors="0" timestamp="2021-07-25T21:40:38 IST" skipped="0">
  <testcase classname="mypack.sample" name="method1" time="0.020"/>
  <system-out/>
</testsuite> <!-- mypack.sample -->
